<?xml version="1.0" encoding="UTF-8"?>
<!-- Generated by org.testng.reporters.JUnitReportReporter -->
<testsuite hostname="JPARK-01" name="com.park.selTest.TestAll" tests="1" failures="0" timestamp="10 Jul 2014 00:56:38 GMT" time="14.419" errors="0">
  <testcase name="testAllTests" time="14.419" classname="com.park.selTest.TestAll"/>
</testsuite> <!-- com.park.selTest.TestAll -->
