<?xml version="1.0" encoding="UTF-8"?>
<!-- Generated by org.testng.reporters.JUnitReportReporter -->
<testsuite hostname="JPARK-01" name="com.park.selTest.SelTest1" tests="1" failures="0" timestamp="10 Jul 2014 00:56:37 GMT" time="2.354" errors="0">
  <testcase name="testApp1" time="2.354" classname="com.park.selTest.SelTest1"/>
</testsuite> <!-- com.park.selTest.SelTest1 -->
