<?xml version="1.0" encoding="UTF-8"?>
<!-- Generated by org.testng.reporters.JUnitReportReporter -->
<testsuite hostname="JPARK-01" name="com.park.selTest.TestAll" tests="1" failures="0" timestamp="9 Jul 2014 23:08:23 GMT" time="15.834" errors="0">
  <testcase name="testAllTests" time="15.834" classname="com.park.selTest.TestAll"/>
</testsuite> <!-- com.park.selTest.TestAll -->
