<?xml version="1.0" encoding="UTF-8"?>
<!-- Generated by org.testng.reporters.JUnitReportReporter -->
<testsuite hostname="JPARK-01" name="com.park.selTest.SelTest3" tests="1" failures="0" timestamp="9 Jul 2014 23:08:23 GMT" time="7.123" errors="0">
  <testcase name="testApp3" time="7.123" classname="com.park.selTest.SelTest3"/>
</testsuite> <!-- com.park.selTest.SelTest3 -->
