<?xml version="1.0" encoding="UTF-8"?>
<!-- Generated by org.testng.reporters.JUnitReportReporter -->
<testsuite hostname="JPARK-01" name="com.park.selTest.TestStart" tests="1" failures="0" timestamp="9 Jul 2014 17:24:22 GMT" time="19.033" errors="0">
  <testcase name="testAllTests" time="19.033" classname="com.park.selTest.TestStart"/>
</testsuite> <!-- com.park.selTest.TestStart -->
