<?xml version="1.0" encoding="UTF-8"?>
<!-- Generated by org.testng.reporters.JUnitReportReporter -->
<testsuite hostname="JPARK-01" name="com.park.selTest2.SelTest2" tests="1" failures="0" timestamp="27 Jun 2014 17:12:43 GMT" time="11.666" errors="0">
  <testcase name="testApp" time="11.666" classname="com.park.selTest2.SelTest2"/>
</testsuite> <!-- com.park.selTest2.SelTest2 -->
