<?xml version="1.0" encoding="UTF-8"?>
<!-- Generated by org.testng.reporters.JUnitReportReporter -->
<testsuite hostname="JPARK-01" name="com.park.selTest2.SelTest" tests="1" failures="0" timestamp="8 Jul 2014 23:30:07 GMT" time="9.450" errors="0">
  <testcase name="testApp2" time="9.450" classname="com.park.selTest2.SelTest"/>
</testsuite> <!-- com.park.selTest2.SelTest -->
